make --dry-run --keep-going --print-directory
make: Entering directory '/home/x/delivery/My_RPG'
make -C ./lib/my
cc -W -Wall -Werror -Wextra -g -I include/   -c -o src/load/load_game.o src/load/load_game.c
cc -W -Wall -Werror -Wextra -g -I include/   -c -o src/load/load_menu.o src/load/load_menu.c
cc -W -Wall -Werror -Wextra -g -I include/   -c -o src/load/load_phone.o src/load/load_phone.c
cc -W -Wall -Werror -Wextra -g -I include/   -c -o src/load/load_filter.o src/load/load_filter.c
cc -W -Wall -Werror -Wextra -g -I include/   -c -o src/load/load_pause_menu.o src/load/load_pause_menu.c
cc -W -Wall -Werror -Wextra -g -I include/   -c -o src/load/load_player_menu.o src/load/load_player_menu.c
cc -W -Wall -Werror -Wextra -g -I include/   -c -o src/interior/init_interior.o src/interior/init_interior.c
cc -W -Wall -Werror -Wextra -g -I include/   -c -o src/interior/enter_in_house.o src/interior/enter_in_house.c
cc -W -Wall -Werror -Wextra -g -I include/   -c -o src/interior/enter_in_house2.o src/interior/enter_in_house2.c
cc -W -Wall -Werror -Wextra -g -I include/   -c -o src/draw/draw.o src/draw/draw.c
cc -W -Wall -Werror -Wextra -g -I include/   -c -o src/draw/draw_text.o src/draw/draw_text.c
cc -W -Wall -Werror -Wextra -g -I include/   -c -o src/draw/draw_all.o src/draw/draw_all.c
cc -W -Wall -Werror -Wextra -g -I include/   -c -o src/draw/draw_car.o src/draw/draw_car.c
cc -W -Wall -Werror -Wextra -g -I include/   -c -o src/draw/draw_map.o src/draw/draw_map.c
cc -W -Wall -Werror -Wextra -g -I include/   -c -o src/draw/draw_pnj.o src/draw/draw_pnj.c
cc -W -Wall -Werror -Wextra -g -I include/   -c -o src/draw/draw_pause.o src/draw/draw_pause.c
cc -W -Wall -Werror -Wextra -g -I include/   -c -o src/draw/draw_phone.o src/draw/draw_phone.c
cc -W -Wall -Werror -Wextra -g -I include/   -c -o src/draw/draw_interior_house.o src/draw/draw_interior_house.c
cc -W -Wall -Werror -Wextra -g -I include/   -c -o src/destroy.o src/destroy.c
cc -W -Wall -Werror -Wextra -g -I include/   -c -o src/destroy_bis.o src/destroy_bis.c
cc -W -Wall -Werror -Wextra -g -I include/   -c -o src/destroy_cis.o src/destroy_cis.c
cc -W -Wall -Werror -Wextra -g -I include/   -c -o src/collision.o src/collision.c
cc -W -Wall -Werror -Wextra -g -I include/   -c -o src/play_music.o src/play_music.c
cc -W -Wall -Werror -Wextra -g -I include/   -c -o src/all_struct.o src/all_struct.c
cc -W -Wall -Werror -Wextra -g -I include/   -c -o src/all_struct2.o src/all_struct2.c
cc -W -Wall -Werror -Wextra -g -I include/   -c -o src/create_text.o src/create_text.c
cc -W -Wall -Werror -Wextra -g -I include/   -c -o src/calcul_dist.o src/calcul_dist.c
cc -W -Wall -Werror -Wextra -g -I include/   -c -o src/create_rect.o src/create_rect.c
cc -W -Wall -Werror -Wextra -g -I include/   -c -o src/create_view.o src/create_view.c
cc -W -Wall -Werror -Wextra -g -I include/   -c -o src/is_on_sprite.o src/is_on_sprite.c
cc -W -Wall -Werror -Wextra -g -I include/   -c -o src/create_circle.o src/create_circle.c
cc -W -Wall -Werror -Wextra -g -I include/   -c -o src/random_number.o src/random_number.c
cc -W -Wall -Werror -Wextra -g -I include/   -c -o src/get_file_in_array.o src/get_file_in_array.c
cc -W -Wall -Werror -Wextra -g -I include/   -c -o src/get_pnj_in_the_list.o src/get_pnj_in_the_list.c
cc -W -Wall -Werror -Wextra -g -I include/   -c -o src/player/init_player.o src/player/init_player.c
cc -W -Wall -Werror -Wextra -g -I include/   -c -o src/player/animation_player.o src/player/animation_player.c
cc -W -Wall -Werror -Wextra -g -I include/   -c -o src/player/change_player_dress.o src/player/change_player_dress.c
cc -W -Wall -Werror -Wextra -g -I include/   -c -o src/entity/set_pnj.o src/entity/set_pnj.c
cc -W -Wall -Werror -Wextra -g -I include/   -c -o src/entity/init_pnj.o src/entity/init_pnj.c
cc -W -Wall -Werror -Wextra -g -I include/   -c -o src/entity/move_npc.o src/entity/move_npc.c
cc -W -Wall -Werror -Wextra -g -I include/   -c -o src/entity/spawn_pnj.o src/entity/spawn_pnj.c
cc -W -Wall -Werror -Wextra -g -I include/   -c -o src/entity/anime_npc.o src/entity/anime_npc.c
cc -W -Wall -Werror -Wextra -g -I include/   -c -o src/entity/create_clock.o src/entity/create_clock.c
cc -W -Wall -Werror -Wextra -g -I include/   -c -o src/move_car/create_car.o src/move_car/create_car.c
cc -W -Wall -Werror -Wextra -g -I include/   -c -o src/move_car/create_car2.o src/move_car/create_car2.c
cc -W -Wall -Werror -Wextra -g -I include/   -c -o src/move_car/create_car3.o src/move_car/create_car3.c
cc -W -Wall -Werror -Wextra -g -I include/   -c -o src/move_car/create_car4.o src/move_car/create_car4.c
cc -W -Wall -Werror -Wextra -g -I include/   -c -o src/dialog/init_npc.o src/dialog/init_npc.c
cc -W -Wall -Werror -Wextra -g -I include/   -c -o src/all_event/movement.o src/all_event/movement.c
cc -W -Wall -Werror -Wextra -g -I include/   -c -o src/all_event/movement2.o src/all_event/movement2.c
cc -W -Wall -Werror -Wextra -g -I include/   -c -o src/all_event/movement3.o src/all_event/movement3.c
cc -W -Wall -Werror -Wextra -g -I include/   -c -o src/all_event/get_event.o src/all_event/get_event.c
cc -W -Wall -Werror -Wextra -g -I include/   -c -o src/all_event/window_event.o src/all_event/window_event.c
cc -W -Wall -Werror -Wextra -g -I include/   -c -o src/all_event/zoom_mini_map.o src/all_event/zoom_mini_map.c
cc -W -Wall -Werror -Wextra -g -I include/   -c -o src/all_event/animation_camera.o src/all_event/animation_camera.c
cc -W -Wall -Werror -Wextra -g -I include/   -c -o src/all_event/set_game_in_pause.o src/all_event/set_game_in_pause.c
cc -W -Wall -Werror -Wextra -g -I include/   -c -o src/menu/main_menu/animate_button.o src/menu/main_menu/animate_button.c
cc -W -Wall -Werror -Wextra -g -I include/   -c -o src/menu/main_menu/draw_main_menu.o src/menu/main_menu/draw_main_menu.c
cc -W -Wall -Werror -Wextra -g -I include/   -c -o src/menu/main_menu/draw_main_menu2.o src/menu/main_menu/draw_main_menu2.c
cc -W -Wall -Werror -Wextra -g -I include/   -c -o src/menu/main_menu/interact_button.o src/menu/main_menu/interact_button.c
cc -W -Wall -Werror -Wextra -g -I include/   -c -o src/menu/main_menu/interact_button2.o src/menu/main_menu/interact_button2.c
cc -W -Wall -Werror -Wextra -g -I include/   -c -o src/menu/main_menu/select_player_menu.o src/menu/main_menu/select_player_menu.c
cc -W -Wall -Werror -Wextra -g -I include/   -c -o src/menu/main_menu/animate_hud_button.o src/menu/main_menu/animate_hud_button.c
cc -W -Wall -Werror -Wextra -g -I include/   -c -o src/menu/main_menu/interact_button/interact_pause_button.o src/menu/main_menu/interact_button/interact_pause_button.c
cc -W -Wall -Werror -Wextra -g -I include/   -c -o src/create_window/print_usage.o src/create_window/print_usage.c
cc -W -Wall -Werror -Wextra -g -I include/   -c -o src/create_window/create_window.o src/create_window/create_window.c
cc -W -Wall -Werror -Wextra -g -I include/   -c -o src/phone_animation/phone_animation.o src/phone_animation/phone_animation.c
cc -W -Wall -Werror -Wextra -g -I include/   -c -o src/create_structure/create_music.o src/create_structure/create_music.c
cc -W -Wall -Werror -Wextra -g -I include/   -c -o src/create_structure/create_sprite.o src/create_structure/create_sprite.c
cc -W -Wall -Werror -Wextra -g -I include/   -c -o src/mission/fight.o src/mission/fight.c
cc -W -Wall -Werror -Wextra -g -I include/   -c -o src/mission/mission1.o src/mission/mission1.c
cc -W -Wall -Werror -Wextra -g -I include/   -c -o src/mission/mission2.o src/mission/mission2.c
cc -W -Wall -Werror -Wextra -g -I include/   -c -o src/mission/mission3.o src/mission/mission3.c
cc -W -Wall -Werror -Wextra -g -I include/   -c -o src/mission/mission4.o src/mission/mission4.c
cc -W -Wall -Werror -Wextra -g -I include/   -c -o src/mission/interaction.o src/mission/interaction.c
cc -W -Wall -Werror -Wextra -g -I include/   -c -o src/mission/camera_animation.o src/mission/camera_animation.c
cc -W -Wall -Werror -Wextra -g -I include/   -c -o src/fight_system/init_fight_scene.o src/fight_system/init_fight_scene.c
cc -W -Wall -Werror -Wextra -g -I include/   -c -o src/fight_system/fight_system.o src/fight_system/fight_system.c
cc -W -Wall -Werror -Wextra -g -I include/   -c -o src/fight_system/fight_system2.o src/fight_system/fight_system2.c
cc -W -Wall -Werror -Wextra -g -I include/   -c -o src/fight_system/fight_system3.o src/fight_system/fight_system3.c
cc -W -Wall -Werror -Wextra -g -I include/   -c -o src/fight_system/button_interraction.o src/fight_system/button_interraction.c
cc -W -Wall -Werror -Wextra -g -I include/   -c -o src/game_assets/init_game_assets.o src/game_assets/init_game_assets.c
cc -W -Wall -Werror -Wextra -g -I include/   -c -o my_rpg.o my_rpg.c
gcc -o my_rpg -I include/ src/load/load_game.o src/load/load_menu.o src/load/load_phone.o src/load/load_filter.o src/load/load_pause_menu.o src/load/load_player_menu.o src/interior/init_interior.o src/interior/enter_in_house.o src/interior/enter_in_house2.o src/draw/draw.o src/draw/draw_text.o src/draw/draw_all.o src/draw/draw_car.o src/draw/draw_map.o src/draw/draw_pnj.o src/draw/draw_pause.o src/draw/draw_phone.o src/draw/draw_interior_house.o src/destroy.o src/destroy_bis.o src/destroy_cis.o src/collision.o src/play_music.o src/all_struct.o src/all_struct2.o src/create_text.o src/calcul_dist.o src/create_rect.o src/create_view.o src/is_on_sprite.o src/create_circle.o src/random_number.o src/get_file_in_array.o src/get_pnj_in_the_list.o src/player/init_player.o src/player/animation_player.o src/player/change_player_dress.o src/entity/set_pnj.o src/entity/init_pnj.o src/entity/move_npc.o src/entity/spawn_pnj.o src/entity/anime_npc.o src/entity/create_clock.o src/move_car/create_car.o src/move_car/create_car2.o src/move_car/create_car3.o src/move_car/create_car4.o src/dialog/init_npc.o src/all_event/movement.o src/all_event/movement2.o src/all_event/movement3.o src/all_event/get_event.o src/all_event/window_event.o src/all_event/zoom_mini_map.o src/all_event/animation_camera.o src/all_event/set_game_in_pause.o src/menu/main_menu/animate_button.o src/menu/main_menu/draw_main_menu.o src/menu/main_menu/draw_main_menu2.o src/menu/main_menu/interact_button.o src/menu/main_menu/interact_button2.o src/menu/main_menu/select_player_menu.o src/menu/main_menu/animate_hud_button.o src/menu/main_menu/interact_button/interact_pause_button.o src/create_window/print_usage.o src/create_window/create_window.o src/phone_animation/phone_animation.o src/create_structure/create_music.o src/create_structure/create_sprite.o src/mission/fight.o src/mission/mission1.o src/mission/mission2.o src/mission/mission3.o src/mission/mission4.o src/mission/interaction.o src/mission/camera_animation.o src/fight_system/init_fight_scene.o src/fight_system/fight_system.o src/fight_system/fight_system2.o src/fight_system/fight_system3.o src/fight_system/button_interraction.o src/game_assets/init_game_assets.o my_rpg.o -L lib/my/ -lmy -lm -lcsfml-graphics -lcsfml-system -lcsfml-audio -lcsfml-window
make: Leaving directory '/home/x/delivery/My_RPG'
 
